2019-02-10T19:18:33+00:00 CRITICAL Uncaught Error: Call to a member function get_checkout_fields() on null in C:\xampp\htdocs\cheonshop\wp-content\themes\seed-child\front-page.php:233
Stack trace:
#0 C:\xampp\htdocs\cheonshop\wp-includes\template-loader.php(74): include()
#1 C:\xampp\htdocs\cheonshop\wp-blog-header.php(19): require_once('C:\\xampp\\htdocs...')
#2 C:\xampp\htdocs\cheonshop\index.php(17): require('C:\\xampp\\htdocs...')
#3 {main}
  thrown in C:\xampp\htdocs\cheonshop\wp-content\themes\seed-child\front-page.php on line 233

2019-02-10T19:48:14+00:00 CRITICAL syntax error, unexpected '39' (T_LNUMBER), expecting ')' in C:\xampp\htdocs\cheonshop\wp-content\themes\seed-child\page-about.php on line 20

2019-02-10T20:48:27+00:00 CRITICAL Uncaught Error: Call to a member function have_posts() on null in C:\xampp\htdocs\cheonshop\wp-content\themes\seed-child\page-contact.php:23
Stack trace:
#0 C:\xampp\htdocs\cheonshop\wp-includes\template-loader.php(74): include()
#1 C:\xampp\htdocs\cheonshop\wp-blog-header.php(19): require_once('C:\\xampp\\htdocs...')
#2 C:\xampp\htdocs\cheonshop\index.php(17): require('C:\\xampp\\htdocs...')
#3 {main}
  thrown in C:\xampp\htdocs\cheonshop\wp-content\themes\seed-child\page-contact.php on line 23

2019-02-10T20:49:13+00:00 CRITICAL syntax error, unexpected 'endwhile' (T_ENDWHILE), expecting end of file in C:\xampp\htdocs\cheonshop\wp-content\themes\seed-child\page-contact.php on line 26

2019-02-10T21:07:50+00:00 CRITICAL Uncaught Error: Call to a member function have_posts() on null in C:\xampp\htdocs\cheonshop\wp-content\themes\seed-child\front-page.php:62
Stack trace:
#0 C:\xampp\htdocs\cheonshop\wp-includes\template-loader.php(74): include()
#1 C:\xampp\htdocs\cheonshop\wp-blog-header.php(19): require_once('C:\\xampp\\htdocs...')
#2 C:\xampp\htdocs\cheonshop\index.php(17): require('C:\\xampp\\htdocs...')
#3 {main}
  thrown in C:\xampp\htdocs\cheonshop\wp-content\themes\seed-child\front-page.php on line 62

2019-02-10T21:08:10+00:00 CRITICAL Uncaught Error: Call to a member function have_posts() on null in C:\xampp\htdocs\cheonshop\wp-content\themes\seed-child\front-page.php:62
Stack trace:
#0 C:\xampp\htdocs\cheonshop\wp-includes\template-loader.php(74): include()
#1 C:\xampp\htdocs\cheonshop\wp-blog-header.php(19): require_once('C:\\xampp\\htdocs...')
#2 C:\xampp\htdocs\cheonshop\index.php(17): require('C:\\xampp\\htdocs...')
#3 {main}
  thrown in C:\xampp\htdocs\cheonshop\wp-content\themes\seed-child\front-page.php on line 62

2019-02-10T21:08:13+00:00 CRITICAL Uncaught Error: Call to a member function have_posts() on null in C:\xampp\htdocs\cheonshop\wp-content\themes\seed-child\front-page.php:62
Stack trace:
#0 C:\xampp\htdocs\cheonshop\wp-includes\template-loader.php(74): include()
#1 C:\xampp\htdocs\cheonshop\wp-blog-header.php(19): require_once('C:\\xampp\\htdocs...')
#2 C:\xampp\htdocs\cheonshop\index.php(17): require('C:\\xampp\\htdocs...')
#3 {main}
  thrown in C:\xampp\htdocs\cheonshop\wp-content\themes\seed-child\front-page.php on line 62

2019-02-10T21:09:53+00:00 CRITICAL Uncaught Error: Call to a member function have_posts() on null in C:\xampp\htdocs\cheonshop\wp-content\themes\seed-child\front-page.php:62
Stack trace:
#0 C:\xampp\htdocs\cheonshop\wp-includes\template-loader.php(74): include()
#1 C:\xampp\htdocs\cheonshop\wp-blog-header.php(19): require_once('C:\\xampp\\htdocs...')
#2 C:\xampp\htdocs\cheonshop\index.php(17): require('C:\\xampp\\htdocs...')
#3 {main}
  thrown in C:\xampp\htdocs\cheonshop\wp-content\themes\seed-child\front-page.php on line 62

2019-02-10T21:10:46+00:00 CRITICAL Uncaught Error: Call to a member function have_posts() on null in C:\xampp\htdocs\cheonshop\wp-content\themes\seed-child\front-page.php:62
Stack trace:
#0 C:\xampp\htdocs\cheonshop\wp-includes\template-loader.php(74): include()
#1 C:\xampp\htdocs\cheonshop\wp-blog-header.php(19): require_once('C:\\xampp\\htdocs...')
#2 C:\xampp\htdocs\cheonshop\index.php(17): require('C:\\xampp\\htdocs...')
#3 {main}
  thrown in C:\xampp\htdocs\cheonshop\wp-content\themes\seed-child\front-page.php on line 62

2019-02-10T21:11:34+00:00 CRITICAL syntax error, unexpected 'endwhile' (T_ENDWHILE) in C:\xampp\htdocs\cheonshop\wp-content\themes\seed-child\front-page.php on line 91

2019-02-10T21:12:14+00:00 CRITICAL syntax error, unexpected end of file in C:\xampp\htdocs\cheonshop\wp-content\themes\seed-child\front-page.php on line 522

2019-02-10T21:14:57+00:00 CRITICAL Uncaught Error: Call to a member function have_posts() on null in C:\xampp\htdocs\cheonshop\wp-content\themes\seed-child\front-page.php:62
Stack trace:
#0 C:\xampp\htdocs\cheonshop\wp-includes\template-loader.php(74): include()
#1 C:\xampp\htdocs\cheonshop\wp-blog-header.php(19): require_once('C:\\xampp\\htdocs...')
#2 C:\xampp\htdocs\cheonshop\index.php(17): require('C:\\xampp\\htdocs...')
#3 {main}
  thrown in C:\xampp\htdocs\cheonshop\wp-content\themes\seed-child\front-page.php on line 62

2019-02-10T21:16:01+00:00 CRITICAL Uncaught Error: Call to a member function get_price() on null in C:\xampp\htdocs\cheonshop\wp-content\themes\seed-child\front-page.php:109
Stack trace:
#0 C:\xampp\htdocs\cheonshop\wp-includes\template-loader.php(74): include()
#1 C:\xampp\htdocs\cheonshop\wp-blog-header.php(19): require_once('C:\\xampp\\htdocs...')
#2 C:\xampp\htdocs\cheonshop\index.php(17): require('C:\\xampp\\htdocs...')
#3 {main}
  thrown in C:\xampp\htdocs\cheonshop\wp-content\themes\seed-child\front-page.php on line 109

2019-02-10T21:16:10+00:00 CRITICAL Uncaught Error: Call to a member function get_price() on null in C:\xampp\htdocs\cheonshop\wp-content\themes\seed-child\front-page.php:109
Stack trace:
#0 C:\xampp\htdocs\cheonshop\wp-includes\template-loader.php(74): include()
#1 C:\xampp\htdocs\cheonshop\wp-blog-header.php(19): require_once('C:\\xampp\\htdocs...')
#2 C:\xampp\htdocs\cheonshop\index.php(17): require('C:\\xampp\\htdocs...')
#3 {main}
  thrown in C:\xampp\htdocs\cheonshop\wp-content\themes\seed-child\front-page.php on line 109

2019-02-10T21:16:48+00:00 CRITICAL Uncaught Error: Call to a member function get_price() on null in C:\xampp\htdocs\cheonshop\wp-content\themes\seed-child\front-page.php:109
Stack trace:
#0 C:\xampp\htdocs\cheonshop\wp-includes\template-loader.php(74): include()
#1 C:\xampp\htdocs\cheonshop\wp-blog-header.php(19): require_once('C:\\xampp\\htdocs...')
#2 C:\xampp\htdocs\cheonshop\index.php(17): require('C:\\xampp\\htdocs...')
#3 {main}
  thrown in C:\xampp\htdocs\cheonshop\wp-content\themes\seed-child\front-page.php on line 109

2019-02-10T21:17:45+00:00 CRITICAL Uncaught Error: Call to a member function get_price() on null in C:\xampp\htdocs\cheonshop\wp-content\themes\seed-child\front-page.php:109
Stack trace:
#0 C:\xampp\htdocs\cheonshop\wp-includes\template-loader.php(74): include()
#1 C:\xampp\htdocs\cheonshop\wp-blog-header.php(19): require_once('C:\\xampp\\htdocs...')
#2 C:\xampp\htdocs\cheonshop\index.php(17): require('C:\\xampp\\htdocs...')
#3 {main}
  thrown in C:\xampp\htdocs\cheonshop\wp-content\themes\seed-child\front-page.php on line 109

2019-02-10T21:17:48+00:00 CRITICAL Uncaught Error: Call to a member function get_price() on null in C:\xampp\htdocs\cheonshop\wp-content\themes\seed-child\front-page.php:109
Stack trace:
#0 C:\xampp\htdocs\cheonshop\wp-includes\template-loader.php(74): include()
#1 C:\xampp\htdocs\cheonshop\wp-blog-header.php(19): require_once('C:\\xampp\\htdocs...')
#2 C:\xampp\htdocs\cheonshop\index.php(17): require('C:\\xampp\\htdocs...')
#3 {main}
  thrown in C:\xampp\htdocs\cheonshop\wp-content\themes\seed-child\front-page.php on line 109

2019-02-10T21:18:00+00:00 CRITICAL Uncaught Error: Call to a member function get_price() on null in C:\xampp\htdocs\cheonshop\wp-content\themes\seed-child\front-page.php:109
Stack trace:
#0 C:\xampp\htdocs\cheonshop\wp-includes\template-loader.php(74): include()
#1 C:\xampp\htdocs\cheonshop\wp-blog-header.php(19): require_once('C:\\xampp\\htdocs...')
#2 C:\xampp\htdocs\cheonshop\index.php(17): require('C:\\xampp\\htdocs...')
#3 {main}
  thrown in C:\xampp\htdocs\cheonshop\wp-content\themes\seed-child\front-page.php on line 109

2019-02-10T21:18:49+00:00 CRITICAL Uncaught Error: Call to a member function get_price() on null in C:\xampp\htdocs\cheonshop\wp-content\themes\seed-child\front-page.php:109
Stack trace:
#0 C:\xampp\htdocs\cheonshop\wp-includes\template-loader.php(74): include()
#1 C:\xampp\htdocs\cheonshop\wp-blog-header.php(19): require_once('C:\\xampp\\htdocs...')
#2 C:\xampp\htdocs\cheonshop\index.php(17): require('C:\\xampp\\htdocs...')
#3 {main}
  thrown in C:\xampp\htdocs\cheonshop\wp-content\themes\seed-child\front-page.php on line 109

2019-02-10T21:19:02+00:00 CRITICAL Uncaught Error: Call to a member function get_price() on null in C:\xampp\htdocs\cheonshop\wp-content\themes\seed-child\front-page.php:109
Stack trace:
#0 C:\xampp\htdocs\cheonshop\wp-includes\template-loader.php(74): include()
#1 C:\xampp\htdocs\cheonshop\wp-blog-header.php(19): require_once('C:\\xampp\\htdocs...')
#2 C:\xampp\htdocs\cheonshop\index.php(17): require('C:\\xampp\\htdocs...')
#3 {main}
  thrown in C:\xampp\htdocs\cheonshop\wp-content\themes\seed-child\front-page.php on line 109

2019-02-10T21:19:39+00:00 CRITICAL Uncaught Error: Call to a member function get_price() on null in C:\xampp\htdocs\cheonshop\wp-content\themes\seed-child\front-page.php:109
Stack trace:
#0 C:\xampp\htdocs\cheonshop\wp-includes\template-loader.php(74): include()
#1 C:\xampp\htdocs\cheonshop\wp-blog-header.php(19): require_once('C:\\xampp\\htdocs...')
#2 C:\xampp\htdocs\cheonshop\index.php(17): require('C:\\xampp\\htdocs...')
#3 {main}
  thrown in C:\xampp\htdocs\cheonshop\wp-content\themes\seed-child\front-page.php on line 109

2019-02-10T21:39:56+00:00 CRITICAL Uncaught Error: Call to a member function get_regular_price() on null in C:\xampp\htdocs\cheonshop\wp-content\themes\seed-child\front-page.php:280
Stack trace:
#0 C:\xampp\htdocs\cheonshop\wp-includes\template-loader.php(74): include()
#1 C:\xampp\htdocs\cheonshop\wp-blog-header.php(19): require_once('C:\\xampp\\htdocs...')
#2 C:\xampp\htdocs\cheonshop\index.php(17): require('C:\\xampp\\htdocs...')
#3 {main}
  thrown in C:\xampp\htdocs\cheonshop\wp-content\themes\seed-child\front-page.php on line 280

